d:\ai\opencv_learning\two\two\project1\x64\debug\vc141.pdb
d:\ai\opencv_learning\two\two\project1\x64\debug\vc141.idb
d:\ai\opencv_learning\two\two\project1\x64\debug\自定义角点检测2.obj
d:\ai\opencv_learning\two\two\project1\x64\debug\自定义角点检测1.obj
d:\ai\opencv_learning\two\two\project1\x64\debug\编译测试.obj
d:\ai\opencv_learning\two\two\project1\x64\debug\积分图计算.obj
d:\ai\opencv_learning\two\two\project1\x64\debug\特征描述子.obj
d:\ai\opencv_learning\two\two\project1\x64\debug\亚像素级别角点检测.obj
d:\ai\opencv_learning\two\two\project1\x64\debug\surf特征检测.obj
d:\ai\opencv_learning\two\two\project1\x64\debug\sift特征检测.obj
d:\ai\opencv_learning\two\two\project1\x64\debug\shi_tomasi角点检测.obj
d:\ai\opencv_learning\two\two\project1\x64\debug\lbp.obj
d:\ai\opencv_learning\two\two\project1\x64\debug\hog特征检测.obj
d:\ai\opencv_learning\two\two\project1\x64\debug\harris角点检测.obj
d:\ai\opencv_learning\two\two\project1\x64\debug\haar特征.obj
d:\ai\opencv_learning\two\two\x64\debug\two_part.ilk
d:\ai\opencv_learning\two\two\x64\debug\two_part.exe
d:\ai\opencv_learning\two\two\x64\debug\two_part.pdb
d:\ai\opencv_learning\two\two\project1\x64\debug\two_part.tlog\cl.command.1.tlog
d:\ai\opencv_learning\two\two\project1\x64\debug\two_part.tlog\cl.read.1.tlog
d:\ai\opencv_learning\two\two\project1\x64\debug\two_part.tlog\cl.write.1.tlog
d:\ai\opencv_learning\two\two\project1\x64\debug\two_part.tlog\link.command.1.tlog
d:\ai\opencv_learning\two\two\project1\x64\debug\two_part.tlog\link.read.1.tlog
d:\ai\opencv_learning\two\two\project1\x64\debug\two_part.tlog\link.write.1.tlog
